16:51:40
✅ DONE: [U:1][A:1] of type 'goto' successfully executed
16:51:40
✅ DONE: [U:2][A:1] of type 'wait' successfully executed
16:51:40
✅ DONE: [U:3][A:1] of type 'click' successfully executed
16:51:41
✅ DONE: [U:3][A:2] of type 'click' successfully executed
16:51:41
✅ DONE: [U:3][A:3] of type 'click' successfully executed
16:51:41
✅ DONE: [U:3][A:4] of type 'click' successfully executed
16:51:42
✅ DONE: [U:3][A:5] of type 'click' successfully executed
16:51:42
✅ DONE: [U:3][A:6] of type 'click' successfully executed
16:51:42
✅ DONE: [U:4][A:1] of type 'wait' successfully executed
16:51:42
✅ DONE: [U:4][A:2] of type 'send_keys' successfully executed
16:51:42
✅ DONE: [U:4][A:3] of type 'wait' successfully executed
16:51:42
✅ DONE: [U:5][A:VÁRJÁ'] of type 'wait' successfully executed
16:51:46
✅ DONE: [U:5][A:1] of type 'click' successfully executed
16:51:47
✅ DONE: [U:5][A:2] of type 'click' successfully executed
16:51:47
✅ DONE: [U:5][A:3] of type 'send_keys' successfully executed
16:51:47
✅ DONE: [U:5][A:4] of type 'send_keys' successfully executed
16:51:49
✅ DONE: [U:5][A:5] of type 'click' successfully executed
16:51:49
✅ DONE: [U:5][A:6] of type 'click' successfully executed
16:51:54
✅ DONE: [U:5][A:7] of type 'click' successfully executed
